index parse: 0
index parse: 30
index parse: 60
index parse: 90
index parse: 120
index parse: 150
index parse: 180
index parse: 210
index parse: 240
index parse: 270
index parse: 300
index parse: 330
index parse: 360
index parse: 390
index parse: 420
index parse: 450
index parse: 480
index parse: 510
index parse: 540
index parse: 570
index parse: 600
index parse: 630
http://www.drlz.com.ua/ibp/ddsite.nsf/all/shlz1?opendocument&stype=7EDF56726B874872C2257FB50028419A
http://www.drlz.com.ua/ibp/ddsite.nsf/all/shlz1?opendocument&stype=65FA2634B1879342C2258124004304A3
http://www.drlz.com.ua/ibp/ddsite.nsf/all/shlz1?opendocument&stype=D26F6B832AF46301C2257EBB004011B2
index parse: 660
index parse: 690
index parse: 720
index parse: 750
index parse: 780
index parse: 810
index parse: 840
index parse: 870
index parse: 900
index parse: 930
http://www.drlz.com.ua/ibp/ddsite.nsf/all/shlz1?opendocument&stype=3605E8161EFDF3B3C22580BB00486536
index parse: 960
index parse: 990
index parse: 1020
index parse: 1050
index parse: 1080
index parse: 1110
index parse: 1140
index parse: 1170
index parse: 1200
index parse: 1230
index parse: 1260
index parse: 1290
index parse: 1320
index parse: 1350
index parse: 1380
index parse: 1410
index parse: 1440
index parse: 1470
index parse: 1500
index parse: 1530
index parse: 1560
index parse: 1590
index parse: 1620
index parse: 1650
index parse: 1680
index parse: 1710
index parse: 1740
index parse: 1770
index parse: 1800
index parse: 1830
index parse: 1860
http://www.drlz.com.ua/ibp/ddsite.nsf/all/shlz1?opendocument&stype=3923FE3B7F5A68D7C225823C0036CF03
index parse: 1890
index parse: 1920
index parse: 1950
index parse: 1980
index parse: 2010
index parse: 2040
index parse: 2070
index parse: 2100
index parse: 2130
index parse: 2160
index parse: 2190
http://www.drlz.com.ua/ibp/ddsite.nsf/all/shlz1?opendocument&stype=6EEE2BDDC33F4270C22581D80051357F
index parse: 2220
index parse: 2250
index parse: 2280
index parse: 2310
index parse: 2340
index parse: 2370
index parse: 2400
index parse: 2430
index parse: 2460
index parse: 2490
index parse: 2520
index parse: 2550
index parse: 2580
http://www.drlz.com.ua/ibp/ddsite.nsf/all/shlz1?opendocument&stype=DE65AFD096598451C22580440041004B
http://www.drlz.com.ua/ibp/ddsite.nsf/all/shlz1?opendocument&stype=59A6ED6475BD077FC225813E00473440
http://www.drlz.com.ua/ibp/ddsite.nsf/all/shlz1?opendocument&stype=85CC718E0C002DF7C225813E0046E69E
index parse: 2610
index parse: 2640
http://www.drlz.com.ua/ibp/ddsite.nsf/all/shlz1?opendocument&stype=C038999E68070055C22581E8004E7162
http://www.drlz.com.ua/ibp/ddsite.nsf/all/shlz1?opendocument&stype=D604D13E49E0ADE1C22581E8004ECCE6
http://www.drlz.com.ua/ibp/ddsite.nsf/all/shlz1?opendocument&stype=CBE189EF722C4131C2258122003AD5A6
index parse: 2670
index parse: 2700
index parse: 2730
index parse: 2760
index parse: 2790
index parse: 2820
index parse: 2850
index parse: 2880
index parse: 2910
index parse: 2940
index parse: 2970
index parse: 3000
index parse: 3030
index parse: 3060
index parse: 3090
index parse: 3120
index parse: 3150
http://www.drlz.com.ua/ibp/ddsite.nsf/all/shlz1?opendocument&stype=CBE3210E61F371C6C2257B9C0038C6BB
index parse: 3180
index parse: 3210
index parse: 3240
index parse: 3270
index parse: 3300
http://www.drlz.com.ua/ibp/ddsite.nsf/all/shlz1?opendocument&stype=27056F76FA7762D3C2258244004378EC
index parse: 3330
index parse: 3360
index parse: 3390
index parse: 3420
index parse: 3450
index parse: 3480
index parse: 3510
index parse: 3540
index parse: 3570
index parse: 3600
index parse: 3630
index parse: 3660
index parse: 3690
index parse: 3720
index parse: 3750
index parse: 3780
index parse: 3810
index parse: 3840
index parse: 3870
index parse: 3900
index parse: 3930
index parse: 3960
index parse: 3990
index parse: 4020
index parse: 4050
index parse: 4080
index parse: 4110
index parse: 4140
index parse: 4170
index parse: 4200
index parse: 4230
index parse: 4260
index parse: 4290
index parse: 4320
index parse: 4350
index parse: 4380
index parse: 4410
index parse: 4440
index parse: 4470
index parse: 4500
index parse: 4530
index parse: 4560
index parse: 4590
index parse: 4620
index parse: 4650
index parse: 4680
index parse: 4710
index parse: 4740
index parse: 4770
index parse: 4800
index parse: 4830
index parse: 4860
index parse: 4890
index parse: 4920
index parse: 4950
index parse: 4980
index parse: 5010
index parse: 5040
index parse: 5070
index parse: 5100
index parse: 5130
index parse: 5160
index parse: 5190
index parse: 5220
index parse: 5250
index parse: 5280
index parse: 5310
index parse: 5340
index parse: 5370
index parse: 5400
index parse: 5430
index parse: 5460
index parse: 5490
index parse: 5520
index parse: 5550
index parse: 5580
index parse: 5610
index parse: 5640
index parse: 5670
index parse: 5700
index parse: 5730
index parse: 5760
index parse: 5790
index parse: 5820
index parse: 5850
index parse: 5880
index parse: 5910
index parse: 5940
index parse: 5970
index parse: 6000
index parse: 6030
index parse: 6060
index parse: 6090
index parse: 6120
index parse: 6150
index parse: 6180
index parse: 6210
index parse: 6240
index parse: 6270
index parse: 6300
index parse: 6330
index parse: 6360
index parse: 6390
index parse: 6420
index parse: 6450
index parse: 6480
index parse: 6510
index parse: 6540
index parse: 6570
index parse: 6600
index parse: 6630
index parse: 6660
index parse: 6690
index parse: 6720
index parse: 6750
index parse: 6780
index parse: 6810
index parse: 6840
index parse: 6870
index parse: 6900
index parse: 6930
index parse: 6960
index parse: 6990
index parse: 7020
index parse: 7050
index parse: 7080
index parse: 7110
index parse: 7140
index parse: 7170
index parse: 7200
index parse: 7230
index parse: 7260
index parse: 7290
index parse: 7320
index parse: 7350
index parse: 7380
index parse: 7410
http://www.drlz.com.ua/ibp/ddsite.nsf/all/shlz1?opendocument&stype=DB5DC8573C8896BDC225801E0047A7AA
index parse: 7440
index parse: 7470
index parse: 7500
index parse: 7530
index parse: 7560
index parse: 7590
index parse: 7620
index parse: 7650
index parse: 7680
index parse: 7710
index parse: 7740
index parse: 7770
index parse: 7800
index parse: 7830
index parse: 7860
index parse: 7890
index parse: 7920
index parse: 7950
index parse: 7980
index parse: 8010
index parse: 8040
index parse: 8070
index parse: 8100
index parse: 8130
index parse: 8160
index parse: 8190
index parse: 8220
index parse: 8250
index parse: 8280
index parse: 8310
index parse: 8340
index parse: 8370
index parse: 8400
index parse: 8430
index parse: 8460
index parse: 8490
index parse: 8520
index parse: 8550
index parse: 8580
index parse: 8610
index parse: 8640
index parse: 8670
index parse: 8700
index parse: 8730
index parse: 8760
index parse: 8790
index parse: 8820
index parse: 8850
index parse: 8880
index parse: 8910
index parse: 8940
index parse: 8970
index parse: 9000
index parse: 9030
index parse: 9060
index parse: 9090
index parse: 9120
index parse: 9150
index parse: 9180
index parse: 9210
index parse: 9240
index parse: 9270
index parse: 9300
index parse: 9330
index parse: 9360
index parse: 9390
index parse: 9420
index parse: 9450
index parse: 9480
index parse: 9510
index parse: 9540
index parse: 9570
index parse: 9600
index parse: 9630
index parse: 9660
index parse: 9690
index parse: 9720
index parse: 9750
index parse: 9780
index parse: 9810
index parse: 9840
index parse: 9870
index parse: 9900
index parse: 9930
index parse: 9960
index parse: 9990
index parse: 10020
index parse: 10050
index parse: 10080
index parse: 10110
index parse: 10140
index parse: 10170
index parse: 10200
index parse: 10230
index parse: 10260
index parse: 10290
index parse: 10320
index parse: 10350
index parse: 10380
index parse: 10410
index parse: 10440
index parse: 10470
index parse: 10500
index parse: 10530
index parse: 10560
index parse: 10590
index parse: 10620
index parse: 10650
index parse: 10680
index parse: 10710
index parse: 10740
index parse: 10770
index parse: 10800
index parse: 10830
index parse: 10860
index parse: 10890
index parse: 10920
index parse: 10950
index parse: 10980
index parse: 11010
index parse: 11040
index parse: 11070
index parse: 11100
index parse: 11130
index parse: 11160
index parse: 11190
index parse: 11220
index parse: 11250
index parse: 11280
index parse: 11310
index parse: 11340
index parse: 11370
index parse: 11400
index parse: 11430
index parse: 11460
index parse: 11490
index parse: 11520
index parse: 11550
index parse: 11580
index parse: 11610
index parse: 11640
index parse: 11670
index parse: 11700
index parse: 11730
index parse: 11760
index parse: 11790
http://www.drlz.com.ua/ibp/ddsite.nsf/all/shlz1?opendocument&stype=3C421532EB76DC38C225823C004B001B
index parse: 11820
http://www.drlz.com.ua/ibp/ddsite.nsf/all/shlz1?opendocument&stype=10450752297CF192C225824400469FEB
index parse: 11850
index parse: 11880
index parse: 11910
index parse: 11940
index parse: 11970
index parse: 12000
index parse: 12030
index parse: 12060
index parse: 12090
index parse: 12120
index parse: 12150
index parse: 12180
index parse: 12210
index parse: 12240
index parse: 12270
index parse: 12300
index parse: 12330
index parse: 12360
index parse: 12390
index parse: 12420
index parse: 12450
index parse: 12480
index parse: 12510
index parse: 12540
index parse: 12570
index parse: 12600
index parse: 12630
index parse: 12660
index parse: 12690
index parse: 12720
http://www.drlz.com.ua/ibp/ddsite.nsf/all/shlz1?opendocument&stype=E35AA0945C70D470C225810000248E1C
http://www.drlz.com.ua/ibp/ddsite.nsf/all/shlz1?opendocument&stype=1E511C46F6E0B931C2257C3F0030A8C4
index parse: 12750
index parse: 12780
index parse: 12810
index parse: 12840
index parse: 12870
index parse: 12900
index parse: 12930
index parse: 12960
index parse: 12990
index parse: 13020
index parse: 13050
index parse: 13080
index parse: 13110
index parse: 13140
index parse: 13170
index parse: 13200
index parse: 13230
index parse: 13260
index parse: 13290
index parse: 13320
index parse: 13350
index parse: 13380
index parse: 13410
index parse: 13440
index parse: 13470
index parse: 13500
index parse: 13530
index parse: 13560
index parse: 13590
index parse: 13620
index parse: 13650
index parse: 13680
index parse: 13710
index parse: 13740
